e:\other projects\lbvh_parallelcollisions\lbvh_parallelcollisions\x64\debug\vc143.pdb
e:\other projects\lbvh_parallelcollisions\lbvh_parallelcollisions\x64\debug\vc143.idb
e:\other projects\lbvh_parallelcollisions\lbvh_parallelcollisions\x64\debug\rgbcolor.obj
e:\other projects\lbvh_parallelcollisions\lbvh_parallelcollisions\x64\debug\frametimer.obj
e:\other projects\lbvh_parallelcollisions\lbvh_parallelcollisions\x64\debug\source.obj
e:\other projects\lbvh_parallelcollisions\lbvh_parallelcollisions\x64\debug\entitymanager.obj
e:\other projects\lbvh_parallelcollisions\lbvh_parallelcollisions\x64\debug\componentmanager.obj
e:\other projects\lbvh_parallelcollisions\lbvh_parallelcollisions\x64\debug\omp_bvh.obj
e:\other projects\lbvh_parallelcollisions\lbvh_parallelcollisions\x64\debug\omp_physics.obj
e:\other projects\lbvh_parallelcollisions\lbvh_parallelcollisions\x64\debug\graphics.obj
e:\other projects\lbvh_parallelcollisions\lbvh_parallelcollisions\x64\debug\transform2dcomponent.obj
e:\other projects\lbvh_parallelcollisions\lbvh_parallelcollisions\x64\debug\rigidbody2dcomponent.obj
e:\other projects\lbvh_parallelcollisions\lbvh_parallelcollisions\x64\debug\circlerenderercomponent.obj
e:\other projects\lbvh_parallelcollisions\lbvh_parallelcollisions\x64\debug\scene.obj
e:\other projects\lbvh_parallelcollisions\lbvh_parallelcollisions\x64\debug\entity.obj
e:\other projects\lbvh_parallelcollisions\lbvh_parallelcollisions\x64\debug\aabb.cu.obj
e:\other projects\lbvh_parallelcollisions\lbvh_parallelcollisions\x64\debug\cudatest.cu.obj
e:\other projects\lbvh_parallelcollisions\lbvh_parallelcollisions\x64\debug\bvh.cu.obj
e:\other projects\lbvh_parallelcollisions\lbvh_parallelcollisions\x64\debug\bitmanipulation.cu.obj
e:\other projects\lbvh_parallelcollisions\lbvh_parallelcollisions\x64\debug\mortoncode.cu.obj
e:\other projects\lbvh_parallelcollisions\lbvh_parallelcollisions\x64\debug\vector2f.cu.obj
e:\other projects\lbvh_parallelcollisions\lbvh_parallelcollisions\x64\debug\circlecollidercomponent.cu.obj
e:\other projects\lbvh_parallelcollisions\lbvh_parallelcollisions\x64\debug\physics.cu.obj
e:\other projects\lbvh_parallelcollisions\x64\debug\lbvh_parallelcollisions.exe
e:\other projects\lbvh_parallelcollisions\x64\debug\lbvh_parallelcollisions.pdb
e:\other projects\lbvh_parallelcollisions\x64\debug\lbvh_parallelcollisions.lib
e:\other projects\lbvh_parallelcollisions\x64\debug\lbvh_parallelcollisions.exp
e:\other projects\lbvh_parallelcollisions\lbvh_parallelcollisions\x64\debug\lbvh_parallelcollisions.ilk
e:\other projects\lbvh_parallelcollisions\lbvh_parallelcollisions\x64\debug\aabb.cu.cache
e:\other projects\lbvh_parallelcollisions\lbvh_parallelcollisions\x64\debug\bitmanipulation.cu.cache
e:\other projects\lbvh_parallelcollisions\lbvh_parallelcollisions\x64\debug\bvh.cu.cache
e:\other projects\lbvh_parallelcollisions\lbvh_parallelcollisions\x64\debug\circlecollidercomponent.cu.cache
e:\other projects\lbvh_parallelcollisions\lbvh_parallelcollisions\x64\debug\cudatest.cu.cache
e:\other projects\lbvh_parallelcollisions\lbvh_parallelcollisions\x64\debug\mortoncode.cu.cache
e:\other projects\lbvh_parallelcollisions\lbvh_parallelcollisions\x64\debug\physics.cu.cache
e:\other projects\lbvh_parallelcollisions\lbvh_parallelcollisions\x64\debug\vector2f.cu.cache
e:\other projects\lbvh_parallelcollisions\lbvh_parallelcollisions\x64\debug\lbvh_par.fae74d2d.tlog\cl.command.1.tlog
e:\other projects\lbvh_parallelcollisions\lbvh_parallelcollisions\x64\debug\lbvh_par.fae74d2d.tlog\cl.items.tlog
e:\other projects\lbvh_parallelcollisions\lbvh_parallelcollisions\x64\debug\lbvh_par.fae74d2d.tlog\cl.read.1.tlog
e:\other projects\lbvh_parallelcollisions\lbvh_parallelcollisions\x64\debug\lbvh_par.fae74d2d.tlog\cl.write.1.tlog
e:\other projects\lbvh_parallelcollisions\lbvh_parallelcollisions\x64\debug\lbvh_par.fae74d2d.tlog\cudacompile.read.1u.tlog
e:\other projects\lbvh_parallelcollisions\lbvh_parallelcollisions\x64\debug\lbvh_par.fae74d2d.tlog\cudacompile.write.1u.tlog
e:\other projects\lbvh_parallelcollisions\lbvh_parallelcollisions\x64\debug\lbvh_par.fae74d2d.tlog\link.command.1.tlog
e:\other projects\lbvh_parallelcollisions\lbvh_parallelcollisions\x64\debug\lbvh_par.fae74d2d.tlog\link.read.1.tlog
e:\other projects\lbvh_parallelcollisions\lbvh_parallelcollisions\x64\debug\lbvh_par.fae74d2d.tlog\link.secondary.1.tlog
e:\other projects\lbvh_parallelcollisions\lbvh_parallelcollisions\x64\debug\lbvh_par.fae74d2d.tlog\link.write.1.tlog
