e:\other projects\pdc_assignment\pdc_assignment\x64\debug\vc143.pdb
e:\other projects\pdc_assignment\pdc_assignment\x64\debug\vc143.idb
e:\other projects\pdc_assignment\pdc_assignment\x64\debug\rgbcolor.obj
e:\other projects\pdc_assignment\pdc_assignment\x64\debug\frametimer.obj
e:\other projects\pdc_assignment\pdc_assignment\x64\debug\source.obj
e:\other projects\pdc_assignment\pdc_assignment\x64\debug\entitymanager.obj
e:\other projects\pdc_assignment\pdc_assignment\x64\debug\componentmanager.obj
e:\other projects\pdc_assignment\pdc_assignment\x64\debug\omp_bvh.obj
e:\other projects\pdc_assignment\pdc_assignment\x64\debug\omp_physics.obj
e:\other projects\pdc_assignment\pdc_assignment\x64\debug\graphics.obj
e:\other projects\pdc_assignment\pdc_assignment\x64\debug\transform2dcomponent.obj
e:\other projects\pdc_assignment\pdc_assignment\x64\debug\rigidbody2dcomponent.obj
e:\other projects\pdc_assignment\pdc_assignment\x64\debug\circlerenderercomponent.obj
e:\other projects\pdc_assignment\pdc_assignment\x64\debug\scene.obj
e:\other projects\pdc_assignment\pdc_assignment\x64\debug\entity.obj
e:\other projects\pdc_assignment\pdc_assignment\x64\debug\aabb.cu.obj
e:\other projects\pdc_assignment\pdc_assignment\x64\debug\cudatest.cu.obj
e:\other projects\pdc_assignment\pdc_assignment\x64\debug\bvh.cu.obj
e:\other projects\pdc_assignment\pdc_assignment\x64\debug\bitmanipulation.cu.obj
e:\other projects\pdc_assignment\pdc_assignment\x64\debug\mortoncode.cu.obj
e:\other projects\pdc_assignment\pdc_assignment\x64\debug\vector2f.cu.obj
e:\other projects\pdc_assignment\pdc_assignment\x64\debug\circlecollidercomponent.cu.obj
e:\other projects\pdc_assignment\pdc_assignment\x64\debug\physics.cu.obj
e:\other projects\pdc_assignment\pdc_assignment\x64\debug\aabb.cu.cache
e:\other projects\pdc_assignment\pdc_assignment\x64\debug\bitmanipulation.cu.cache
e:\other projects\pdc_assignment\pdc_assignment\x64\debug\bvh.cu.cache
e:\other projects\pdc_assignment\pdc_assignment\x64\debug\circlecollidercomponent.cu.cache
e:\other projects\pdc_assignment\pdc_assignment\x64\debug\cudatest.cu.cache
e:\other projects\pdc_assignment\pdc_assignment\x64\debug\mortoncode.cu.cache
e:\other projects\pdc_assignment\pdc_assignment\x64\debug\physics.cu.cache
e:\other projects\pdc_assignment\pdc_assignment\x64\debug\vector2f.cu.cache
e:\other projects\pdc_assignment\x64\debug\pdc_assignment.pdb
e:\other projects\pdc_assignment\pdc_assignment\x64\debug\pdc_assignment.tlog\cl.command.1.tlog
e:\other projects\pdc_assignment\pdc_assignment\x64\debug\pdc_assignment.tlog\cl.read.1.tlog
e:\other projects\pdc_assignment\pdc_assignment\x64\debug\pdc_assignment.tlog\cl.write.1.tlog
e:\other projects\pdc_assignment\pdc_assignment\x64\debug\pdc_assignment.tlog\cudacompile.read.1u.tlog
e:\other projects\pdc_assignment\pdc_assignment\x64\debug\pdc_assignment.tlog\cudacompile.write.1u.tlog
e:\other projects\pdc_assignment\pdc_assignment\x64\debug\pdc_assignment.tlog\link-cvtres.read.1.tlog
e:\other projects\pdc_assignment\pdc_assignment\x64\debug\pdc_assignment.tlog\link-cvtres.write.1.tlog
e:\other projects\pdc_assignment\pdc_assignment\x64\debug\pdc_assignment.tlog\link-rc.read.1.tlog
e:\other projects\pdc_assignment\pdc_assignment\x64\debug\pdc_assignment.tlog\link-rc.write.1.tlog
e:\other projects\pdc_assignment\pdc_assignment\x64\debug\pdc_assignment.tlog\link.command.1.tlog
e:\other projects\pdc_assignment\pdc_assignment\x64\debug\pdc_assignment.tlog\link.read.1.tlog
e:\other projects\pdc_assignment\pdc_assignment\x64\debug\pdc_assignment.tlog\link.read.2.tlog
e:\other projects\pdc_assignment\pdc_assignment\x64\debug\pdc_assignment.tlog\link.write.1.tlog
